<?xml version="1.0" encoding="UTF-8" ?>
<testsuite tests="4" failures="0" name="ru.secondchat.network.SocketConnectionTest" time="0.524" errors="0" skipped="0">
  <properties>
[...]
</properties>
  <testcase classname="ru.secondchat.network.SocketConnectionTest" name="recieveSingleMessage" time="0.113"/>
  <testcase classname="ru.secondchat.network.SocketConnectionTest" name="disconnect" time="0.101"/>
  <testcase classname="ru.secondchat.network.SocketConnectionTest" name="sendMessage" time="0.105"/>
  <testcase classname="ru.secondchat.network.SocketConnectionTest" name="startNewChat" time="0.205"/>
</testsuite>